<?xml version="1.0" encoding="UTF-8"?>
<testng-results skipped="0" failed="1" ignored="0" total="5" passed="4">
  <reporter-output>
  </reporter-output>
  <suite name="Default suite" duration-ms="76" started-at="2017-12-18T20:55:53Z" finished-at="2017-12-18T20:55:53Z">
    <groups>
    </groups>
    <test name="Default test" duration-ms="76" started-at="2017-12-18T20:55:53Z" finished-at="2017-12-18T20:55:53Z">
      <class name="SeleniumFinal.TekArchSeleniumExam.AutomationScripts">
        <test-method status="PASS" signature="Demo1()[pri:0, instance:SeleniumFinal.TekArchSeleniumExam.AutomationScripts@3bfdc050]" name="Demo1" duration-ms="14" started-at="2017-12-18T12:55:53Z" finished-at="2017-12-18T12:55:53Z">
          <reporter-output>
          </reporter-output>
        </test-method> <!-- Demo1 -->
        <test-method status="PASS" signature="Demo2()[pri:0, instance:SeleniumFinal.TekArchSeleniumExam.AutomationScripts@3bfdc050]" name="Demo2" duration-ms="1" started-at="2017-12-18T12:55:53Z" finished-at="2017-12-18T12:55:53Z">
          <reporter-output>
          </reporter-output>
        </test-method> <!-- Demo2 -->
        <test-method status="PASS" signature="Demo3()[pri:0, instance:SeleniumFinal.TekArchSeleniumExam.AutomationScripts@3bfdc050]" name="Demo3" duration-ms="1" started-at="2017-12-18T12:55:53Z" finished-at="2017-12-18T12:55:53Z">
          <reporter-output>
          </reporter-output>
        </test-method> <!-- Demo3 -->
        <test-method status="PASS" signature="Login_Error_Message()[pri:0, instance:SeleniumFinal.TekArchSeleniumExam.AutomationScripts@3bfdc050]" name="Login_Error_Message" duration-ms="1" started-at="2017-12-18T12:55:53Z" finished-at="2017-12-18T12:55:53Z">
          <reporter-output>
          </reporter-output>
        </test-method> <!-- Login_Error_Message -->
        <test-method status="FAIL" signature="Login_To_SalesForce()[pri:0, instance:SeleniumFinal.TekArchSeleniumExam.AutomationScripts@3bfdc050]" name="Login_To_SalesForce" duration-ms="1" started-at="2017-12-18T12:55:53Z" finished-at="2017-12-18T12:55:53Z">
          <exception class="java.lang.NullPointerException">
            <full-stacktrace>
              <![CDATA[java.lang.NullPointerException
	at SeleniumFinal.TekArchSeleniumExam.AutomationScripts.Login_To_SalesForce(AutomationScripts.java:19)
	at sun.reflect.NativeMethodAccessorImpl.invoke0(Native Method)
	at sun.reflect.NativeMethodAccessorImpl.invoke(NativeMethodAccessorImpl.java:62)
	at sun.reflect.DelegatingMethodAccessorImpl.invoke(DelegatingMethodAccessorImpl.java:43)
	at java.lang.reflect.Method.invoke(Method.java:498)
	at org.testng.internal.MethodInvocationHelper.invokeMethod(MethodInvocationHelper.java:104)
	at org.testng.internal.Invoker.invokeMethod(Invoker.java:645)
	at org.testng.internal.Invoker.invokeTestMethod(Invoker.java:851)
	at org.testng.internal.Invoker.invokeTestMethods(Invoker.java:1177)
	at org.testng.internal.TestMethodWorker.invokeTestMethods(TestMethodWorker.java:129)
	at org.testng.internal.TestMethodWorker.run(TestMethodWorker.java:112)
	at org.testng.TestRunner.privateRun(TestRunner.java:756)
	at org.testng.TestRunner.run(TestRunner.java:610)
	at org.testng.SuiteRunner.runTest(SuiteRunner.java:387)
	at org.testng.SuiteRunner.runSequentially(SuiteRunner.java:382)
	at org.testng.SuiteRunner.privateRun(SuiteRunner.java:340)
	at org.testng.SuiteRunner.run(SuiteRunner.java:289)
	at org.testng.SuiteRunnerWorker.runSuite(SuiteRunnerWorker.java:52)
	at org.testng.SuiteRunnerWorker.run(SuiteRunnerWorker.java:86)
	at org.testng.TestNG.runSuitesSequentially(TestNG.java:1293)
	at org.testng.TestNG.runSuitesLocally(TestNG.java:1218)
	at org.testng.TestNG.runSuites(TestNG.java:1133)
	at org.testng.TestNG.run(TestNG.java:1104)
	at org.testng.remote.AbstractRemoteTestNG.run(AbstractRemoteTestNG.java:114)
	at org.testng.remote.RemoteTestNG.initAndRun(RemoteTestNG.java:251)
	at org.testng.remote.RemoteTestNG.main(RemoteTestNG.java:77)
]]>
            </full-stacktrace>
          </exception> <!-- java.lang.NullPointerException -->
          <reporter-output>
          </reporter-output>
        </test-method> <!-- Login_To_SalesForce -->
      </class> <!-- SeleniumFinal.TekArchSeleniumExam.AutomationScripts -->
    </test> <!-- Default test -->
  </suite> <!-- Default suite -->
</testng-results>
